d:\ufpb\2018-2\tópicos especiais em computação\pbr\x64\debug\vc141.pdb
d:\ufpb\2018-2\tópicos especiais em computação\pbr\x64\debug\vc141.idb
d:\ufpb\2018-2\tópicos especiais em computação\pbr\x64\debug\triangle.obj
d:\ufpb\2018-2\tópicos especiais em computação\pbr\x64\debug\sphere.obj
d:\ufpb\2018-2\tópicos especiais em computação\pbr\x64\debug\scene.obj
d:\ufpb\2018-2\tópicos especiais em computação\pbr\x64\debug\primitive.obj
d:\ufpb\2018-2\tópicos especiais em computação\pbr\x64\debug\raytracer.obj
d:\ufpb\2018-2\tópicos especiais em computação\pbr\x64\debug\ray.obj
d:\ufpb\2018-2\tópicos especiais em computação\pbr\x64\debug\main.obj
d:\ufpb\2018-2\tópicos especiais em computação\pbr\x64\debug\onb.obj
d:\ufpb\2018-2\tópicos especiais em computação\pbr\x64\debug\perspective_camera.obj
d:\ufpb\2018-2\tópicos especiais em computação\pbr\x64\debug\orthographic_camera.obj
d:\ufpb\2018-2\tópicos especiais em computação\pbr\x64\debug\camera.obj
d:\ufpb\2018-2\tópicos especiais em computação\pbr\x64\debug\buffer.obj
d:\ufpb\2018-2\tópicos especiais em computação\pbr\x64\debug\physicallybasedrendering.ilk
d:\ufpb\2018-2\tópicos especiais em computação\pbr\x64\debug\physicallybasedrendering.exe
d:\ufpb\2018-2\tópicos especiais em computação\pbr\x64\debug\physicallybasedrendering.pdb
d:\ufpb\2018-2\tópicos especiais em computação\pbr\x64\debug\physical.1b861731.tlog\cl.command.1.tlog
d:\ufpb\2018-2\tópicos especiais em computação\pbr\x64\debug\physical.1b861731.tlog\cl.read.1.tlog
d:\ufpb\2018-2\tópicos especiais em computação\pbr\x64\debug\physical.1b861731.tlog\cl.write.1.tlog
d:\ufpb\2018-2\tópicos especiais em computação\pbr\x64\debug\physical.1b861731.tlog\link.command.1.tlog
d:\ufpb\2018-2\tópicos especiais em computação\pbr\x64\debug\physical.1b861731.tlog\link.read.1.tlog
d:\ufpb\2018-2\tópicos especiais em computação\pbr\x64\debug\physical.1b861731.tlog\link.write.1.tlog
